info: Microsoft.AspNetCore.DataProtection.KeyManagement.XmlKeyManager[0]
      User profile not available. Using 'HKEY_LOCAL_MACHINE\SOFTWARE\Microsoft\ASP.NET\4.0.30319.0\AutoGenKeys\S-1-5-82-2619122879-3228266707-4095004313-809235362-3602241550\DataProtection' as key repository and Windows DPAPI to encrypt keys at rest.
Hosting environment: Development
Content root path: E:\??????\SVN\GineCoreMySql\GineCore.Web
Now listening on: http://localhost:9716
Application started. Press Ctrl+C to shut down.
info: Microsoft.AspNetCore.Hosting.Internal.WebHost[1]
      Request starting HTTP/1.1 GET http://192.168.20.67:6060/  
info: Microsoft.AspNetCore.Hosting.Internal.WebHost[1]
      Request starting HTTP/1.1 DEBUG http://192.168.20.67:6060/  0
info: Microsoft.AspNetCore.Hosting.Internal.WebHost[2]
      Request finished in 158.3403ms 200 
info: Microsoft.AspNetCore.Mvc.Internal.ControllerActionInvoker[1]
      Route matched with {area = "Api", action = "Start", controller = "Home"}. Executing action GineCore.Web.Areas.Api.HomeController.Start (GineCore.Web)
info: Microsoft.AspNetCore.Mvc.Internal.ControllerActionInvoker[1]
      Executing action method GineCore.Web.Areas.Api.HomeController.Start (GineCore.Web) - Validation state: Valid
info: Microsoft.AspNetCore.Mvc.Internal.ControllerActionInvoker[2]
      Executed action method GineCore.Web.Areas.Api.HomeController.Start (GineCore.Web), returned result Microsoft.AspNetCore.Mvc.JsonResult in 1.3093ms.
info: Microsoft.AspNetCore.Mvc.Formatters.Json.Internal.JsonResultExecutor[1]
      Executing JsonResult, writing value of type '<>f__AnonymousType0`1[[System.String, System.Private.CoreLib, Version=4.0.0.0, Culture=neutral, PublicKeyToken=7cec85d7bea7798e]]'.
info: Microsoft.AspNetCore.Mvc.Internal.ControllerActionInvoker[2]
      Executed action GineCore.Web.Areas.Api.HomeController.Start (GineCore.Web) in 743.5854ms
info: Microsoft.AspNetCore.Hosting.Internal.WebHost[2]
      Request finished in 1488.438ms 200 application/json; charset=utf-8
info: Microsoft.AspNetCore.Hosting.Internal.WebHost[1]
      Request starting HTTP/1.1 GET http://192.168.20.67:6060/favicon.ico  
info: Microsoft.AspNetCore.Hosting.Internal.WebHost[2]
      Request finished in 16.0747ms 404 
info: Microsoft.AspNetCore.Hosting.Internal.WebHost[1]
      Request starting HTTP/1.1 POST http://192.168.20.67:6060/api/UserInfo/Create application/x-www-form-urlencoded 189
info: Microsoft.AspNetCore.Mvc.Internal.ControllerActionInvoker[1]
      Route matched with {area = "Api", action = "Create", controller = "UserInfo"}. Executing action GineCore.Web.Areas.Api.Controllers.UserInfoController.Create (GineCore.Web)
info: Microsoft.AspNetCore.Cors.Infrastructure.CorsService[4]
      Policy execution successful.
info: Microsoft.AspNetCore.DataProtection.KeyManagement.XmlKeyManager[0]
      User profile not available. Using 'HKEY_LOCAL_MACHINE\SOFTWARE\Microsoft\ASP.NET\4.0.30319.0\AutoGenKeys\S-1-5-82-2619122879-3228266707-4095004313-809235362-3602241550\DataProtection' as key repository and Windows DPAPI to encrypt keys at rest.
info: Microsoft.AspNetCore.DataProtection.KeyManagement.XmlKeyManager[0]
      User profile not available. Using 'HKEY_LOCAL_MACHINE\SOFTWARE\Microsoft\ASP.NET\4.0.30319.0\AutoGenKeys\S-1-5-82-2619122879-3228266707-4095004313-809235362-3602241550\DataProtection' as key repository and Windows DPAPI to encrypt keys at rest.
info: Microsoft.AspNetCore.DataProtection.KeyManagement.XmlKeyManager[0]
      User profile not available. Using 'HKEY_LOCAL_MACHINE\SOFTWARE\Microsoft\ASP.NET\4.0.30319.0\AutoGenKeys\S-1-5-82-2619122879-3228266707-4095004313-809235362-3602241550\DataProtection' as key repository and Windows DPAPI to encrypt keys at rest.
info: Microsoft.AspNetCore.DataProtection.KeyManagement.XmlKeyManager[0]
      User profile not available. Using 'HKEY_LOCAL_MACHINE\SOFTWARE\Microsoft\ASP.NET\4.0.30319.0\AutoGenKeys\S-1-5-82-2619122879-3228266707-4095004313-809235362-3602241550\DataProtection' as key repository and Windows DPAPI to encrypt keys at rest.
info: Microsoft.AspNetCore.DataProtection.KeyManagement.XmlKeyManager[0]
      User profile not available. Using 'HKEY_LOCAL_MACHINE\SOFTWARE\Microsoft\ASP.NET\4.0.30319.0\AutoGenKeys\S-1-5-82-2619122879-3228266707-4095004313-809235362-3602241550\DataProtection' as key repository and Windows DPAPI to encrypt keys at rest.
info: Microsoft.AspNetCore.DataProtection.KeyManagement.XmlKeyManager[0]
      User profile not available. Using 'HKEY_LOCAL_MACHINE\SOFTWARE\Microsoft\ASP.NET\4.0.30319.0\AutoGenKeys\S-1-5-82-2619122879-3228266707-4095004313-809235362-3602241550\DataProtection' as key repository and Windows DPAPI to encrypt keys at rest.
info: Microsoft.AspNetCore.DataProtection.KeyManagement.XmlKeyManager[0]
      User profile not available. Using 'HKEY_LOCAL_MACHINE\SOFTWARE\Microsoft\ASP.NET\4.0.30319.0\AutoGenKeys\S-1-5-82-2619122879-3228266707-4095004313-809235362-3602241550\DataProtection' as key repository and Windows DPAPI to encrypt keys at rest.
info: Microsoft.AspNetCore.Mvc.Internal.ControllerActionInvoker[1]
      Executing action method GineCore.Web.Areas.Api.Controllers.UserInfoController.Create (GineCore.Web) with arguments (GineCore.Service.UserInfoService.UserInfoCreateModel) - Validation state: Invalid
info: Microsoft.AspNetCore.DataProtection.KeyManagement.XmlKeyManager[0]
      User profile not available. Using 'HKEY_LOCAL_MACHINE\SOFTWARE\Microsoft\ASP.NET\4.0.30319.0\AutoGenKeys\S-1-5-82-2619122879-3228266707-4095004313-809235362-3602241550\DataProtection' as key repository and Windows DPAPI to encrypt keys at rest.
info: Microsoft.AspNetCore.Mvc.Internal.ControllerActionInvoker[2]
      Executed action method GineCore.Web.Areas.Api.Controllers.UserInfoController.Create (GineCore.Web), returned result Microsoft.AspNetCore.Mvc.JsonResult in 12518.0352ms.
info: Microsoft.AspNetCore.Mvc.Formatters.Json.Internal.JsonResultExecutor[1]
      Executing JsonResult, writing value of type 'GineCore.Common.ResponseModel`1[[System.Object, System.Private.CoreLib, Version=4.0.0.0, Culture=neutral, PublicKeyToken=7cec85d7bea7798e]]'.
info: Microsoft.AspNetCore.Mvc.Internal.ControllerActionInvoker[2]
      Executed action GineCore.Web.Areas.Api.Controllers.UserInfoController.Create (GineCore.Web) in 13782.6397ms
info: Microsoft.AspNetCore.Hosting.Internal.WebHost[2]
      Request finished in 14019.6923ms 200 application/json; charset=utf-8
info: Microsoft.AspNetCore.Hosting.Internal.WebHost[1]
      Request starting HTTP/1.1 POST http://192.168.20.67:6060/api/UserInfo/Create application/x-www-form-urlencoded 189
info: Microsoft.AspNetCore.Mvc.Internal.ControllerActionInvoker[1]
      Route matched with {area = "Api", action = "Create", controller = "UserInfo"}. Executing action GineCore.Web.Areas.Api.Controllers.UserInfoController.Create (GineCore.Web)
info: Microsoft.AspNetCore.Cors.Infrastructure.CorsService[4]
      Policy execution successful.
info: Microsoft.AspNetCore.DataProtection.KeyManagement.XmlKeyManager[0]
      User profile not available. Using 'HKEY_LOCAL_MACHINE\SOFTWARE\Microsoft\ASP.NET\4.0.30319.0\AutoGenKeys\S-1-5-82-2619122879-3228266707-4095004313-809235362-3602241550\DataProtection' as key repository and Windows DPAPI to encrypt keys at rest.
info: Microsoft.AspNetCore.DataProtection.KeyManagement.XmlKeyManager[0]
      User profile not available. Using 'HKEY_LOCAL_MACHINE\SOFTWARE\Microsoft\ASP.NET\4.0.30319.0\AutoGenKeys\S-1-5-82-2619122879-3228266707-4095004313-809235362-3602241550\DataProtection' as key repository and Windows DPAPI to encrypt keys at rest.
info: Microsoft.AspNetCore.DataProtection.KeyManagement.XmlKeyManager[0]
      User profile not available. Using 'HKEY_LOCAL_MACHINE\SOFTWARE\Microsoft\ASP.NET\4.0.30319.0\AutoGenKeys\S-1-5-82-2619122879-3228266707-4095004313-809235362-3602241550\DataProtection' as key repository and Windows DPAPI to encrypt keys at rest.
info: Microsoft.AspNetCore.DataProtection.KeyManagement.XmlKeyManager[0]
      User profile not available. Using 'HKEY_LOCAL_MACHINE\SOFTWARE\Microsoft\ASP.NET\4.0.30319.0\AutoGenKeys\S-1-5-82-2619122879-3228266707-4095004313-809235362-3602241550\DataProtection' as key repository and Windows DPAPI to encrypt keys at rest.
info: Microsoft.AspNetCore.DataProtection.KeyManagement.XmlKeyManager[0]
      User profile not available. Using 'HKEY_LOCAL_MACHINE\SOFTWARE\Microsoft\ASP.NET\4.0.30319.0\AutoGenKeys\S-1-5-82-2619122879-3228266707-4095004313-809235362-3602241550\DataProtection' as key repository and Windows DPAPI to encrypt keys at rest.
info: Microsoft.AspNetCore.DataProtection.KeyManagement.XmlKeyManager[0]
      User profile not available. Using 'HKEY_LOCAL_MACHINE\SOFTWARE\Microsoft\ASP.NET\4.0.30319.0\AutoGenKeys\S-1-5-82-2619122879-3228266707-4095004313-809235362-3602241550\DataProtection' as key repository and Windows DPAPI to encrypt keys at rest.
info: Microsoft.AspNetCore.DataProtection.KeyManagement.XmlKeyManager[0]
      User profile not available. Using 'HKEY_LOCAL_MACHINE\SOFTWARE\Microsoft\ASP.NET\4.0.30319.0\AutoGenKeys\S-1-5-82-2619122879-3228266707-4095004313-809235362-3602241550\DataProtection' as key repository and Windows DPAPI to encrypt keys at rest.
info: Microsoft.AspNetCore.Mvc.Internal.ControllerActionInvoker[1]
      Executing action method GineCore.Web.Areas.Api.Controllers.UserInfoController.Create (GineCore.Web) with arguments (GineCore.Service.UserInfoService.UserInfoCreateModel) - Validation state: Invalid
info: Microsoft.AspNetCore.DataProtection.KeyManagement.XmlKeyManager[0]
      User profile not available. Using 'HKEY_LOCAL_MACHINE\SOFTWARE\Microsoft\ASP.NET\4.0.30319.0\AutoGenKeys\S-1-5-82-2619122879-3228266707-4095004313-809235362-3602241550\DataProtection' as key repository and Windows DPAPI to encrypt keys at rest.
info: Microsoft.AspNetCore.Mvc.Internal.ControllerActionInvoker[2]
      Executed action method GineCore.Web.Areas.Api.Controllers.UserInfoController.Create (GineCore.Web), returned result Microsoft.AspNetCore.Mvc.JsonResult in 249.3132ms.
info: Microsoft.AspNetCore.Mvc.Formatters.Json.Internal.JsonResultExecutor[1]
      Executing JsonResult, writing value of type 'GineCore.Common.ResponseModel`1[[System.Object, System.Private.CoreLib, Version=4.0.0.0, Culture=neutral, PublicKeyToken=7cec85d7bea7798e]]'.
info: Microsoft.AspNetCore.Mvc.Internal.ControllerActionInvoker[2]
      Executed action GineCore.Web.Areas.Api.Controllers.UserInfoController.Create (GineCore.Web) in 587.9486ms
info: Microsoft.AspNetCore.Hosting.Internal.WebHost[2]
      Request finished in 599.0353ms 200 application/json; charset=utf-8
info: Microsoft.AspNetCore.Hosting.Internal.WebHost[1]
      Request starting HTTP/1.1 POST http://192.168.20.67:6060/api/UserInfo/Create application/x-www-form-urlencoded 199
info: Microsoft.AspNetCore.Mvc.Internal.ControllerActionInvoker[1]
      Route matched with {area = "Api", action = "Create", controller = "UserInfo"}. Executing action GineCore.Web.Areas.Api.Controllers.UserInfoController.Create (GineCore.Web)
info: Microsoft.AspNetCore.Cors.Infrastructure.CorsService[4]
      Policy execution successful.
info: Microsoft.AspNetCore.DataProtection.KeyManagement.XmlKeyManager[0]
      User profile not available. Using 'HKEY_LOCAL_MACHINE\SOFTWARE\Microsoft\ASP.NET\4.0.30319.0\AutoGenKeys\S-1-5-82-2619122879-3228266707-4095004313-809235362-3602241550\DataProtection' as key repository and Windows DPAPI to encrypt keys at rest.
info: Microsoft.AspNetCore.DataProtection.KeyManagement.XmlKeyManager[0]
      User profile not available. Using 'HKEY_LOCAL_MACHINE\SOFTWARE\Microsoft\ASP.NET\4.0.30319.0\AutoGenKeys\S-1-5-82-2619122879-3228266707-4095004313-809235362-3602241550\DataProtection' as key repository and Windows DPAPI to encrypt keys at rest.
info: Microsoft.AspNetCore.DataProtection.KeyManagement.XmlKeyManager[0]
      User profile not available. Using 'HKEY_LOCAL_MACHINE\SOFTWARE\Microsoft\ASP.NET\4.0.30319.0\AutoGenKeys\S-1-5-82-2619122879-3228266707-4095004313-809235362-3602241550\DataProtection' as key repository and Windows DPAPI to encrypt keys at rest.
info: Microsoft.AspNetCore.DataProtection.KeyManagement.XmlKeyManager[0]
      User profile not available. Using 'HKEY_LOCAL_MACHINE\SOFTWARE\Microsoft\ASP.NET\4.0.30319.0\AutoGenKeys\S-1-5-82-2619122879-3228266707-4095004313-809235362-3602241550\DataProtection' as key repository and Windows DPAPI to encrypt keys at rest.
info: Microsoft.AspNetCore.DataProtection.KeyManagement.XmlKeyManager[0]
      User profile not available. Using 'HKEY_LOCAL_MACHINE\SOFTWARE\Microsoft\ASP.NET\4.0.30319.0\AutoGenKeys\S-1-5-82-2619122879-3228266707-4095004313-809235362-3602241550\DataProtection' as key repository and Windows DPAPI to encrypt keys at rest.
info: Microsoft.AspNetCore.DataProtection.KeyManagement.XmlKeyManager[0]
      User profile not available. Using 'HKEY_LOCAL_MACHINE\SOFTWARE\Microsoft\ASP.NET\4.0.30319.0\AutoGenKeys\S-1-5-82-2619122879-3228266707-4095004313-809235362-3602241550\DataProtection' as key repository and Windows DPAPI to encrypt keys at rest.
info: Microsoft.AspNetCore.DataProtection.KeyManagement.XmlKeyManager[0]
      User profile not available. Using 'HKEY_LOCAL_MACHINE\SOFTWARE\Microsoft\ASP.NET\4.0.30319.0\AutoGenKeys\S-1-5-82-2619122879-3228266707-4095004313-809235362-3602241550\DataProtection' as key repository and Windows DPAPI to encrypt keys at rest.
info: Microsoft.AspNetCore.Mvc.Internal.ControllerActionInvoker[1]
      Executing action method GineCore.Web.Areas.Api.Controllers.UserInfoController.Create (GineCore.Web) with arguments (GineCore.Service.UserInfoService.UserInfoCreateModel) - Validation state: Valid
info: Microsoft.AspNetCore.DataProtection.KeyManagement.XmlKeyManager[0]
      User profile not available. Using 'HKEY_LOCAL_MACHINE\SOFTWARE\Microsoft\ASP.NET\4.0.30319.0\AutoGenKeys\S-1-5-82-2619122879-3228266707-4095004313-809235362-3602241550\DataProtection' as key repository and Windows DPAPI to encrypt keys at rest.
















































































































































