info: Microsoft.AspNetCore.DataProtection.KeyManagement.XmlKeyManager[0]
      User profile not available. Using 'HKEY_LOCAL_MACHINE\SOFTWARE\Microsoft\ASP.NET\4.0.30319.0\AutoGenKeys\S-1-5-82-2619122879-3228266707-4095004313-809235362-3602241550\DataProtection' as key repository and Windows DPAPI to encrypt keys at rest.
Hosting environment: Development
Content root path: E:\??????\SVN\GineCoreMySql\GineCore.Web
Now listening on: http://localhost:9520
Application started. Press Ctrl+C to shut down.
info: Microsoft.AspNetCore.Hosting.Internal.WebHost[1]
      Request starting HTTP/1.1 POST http://192.168.20.67:6060/api/UserInfo/GetPager application/x-www-form-urlencoded 57
info: Microsoft.AspNetCore.Mvc.Internal.ControllerActionInvoker[1]
      Route matched with {area = "Api", action = "GetPager", controller = "UserInfo"}. Executing action GineCore.Web.Areas.Api.Controllers.UserInfoController.GetPager (GineCore.Web)
info: Microsoft.AspNetCore.Cors.Infrastructure.CorsService[4]
      Policy execution successful.
info: Microsoft.AspNetCore.DataProtection.KeyManagement.XmlKeyManager[0]
      User profile not available. Using 'HKEY_LOCAL_MACHINE\SOFTWARE\Microsoft\ASP.NET\4.0.30319.0\AutoGenKeys\S-1-5-82-2619122879-3228266707-4095004313-809235362-3602241550\DataProtection' as key repository and Windows DPAPI to encrypt keys at rest.
info: Microsoft.AspNetCore.DataProtection.KeyManagement.XmlKeyManager[0]
      User profile not available. Using 'HKEY_LOCAL_MACHINE\SOFTWARE\Microsoft\ASP.NET\4.0.30319.0\AutoGenKeys\S-1-5-82-2619122879-3228266707-4095004313-809235362-3602241550\DataProtection' as key repository and Windows DPAPI to encrypt keys at rest.
info: Microsoft.AspNetCore.DataProtection.KeyManagement.XmlKeyManager[0]
      User profile not available. Using 'HKEY_LOCAL_MACHINE\SOFTWARE\Microsoft\ASP.NET\4.0.30319.0\AutoGenKeys\S-1-5-82-2619122879-3228266707-4095004313-809235362-3602241550\DataProtection' as key repository and Windows DPAPI to encrypt keys at rest.
info: Microsoft.AspNetCore.DataProtection.KeyManagement.XmlKeyManager[0]
      User profile not available. Using 'HKEY_LOCAL_MACHINE\SOFTWARE\Microsoft\ASP.NET\4.0.30319.0\AutoGenKeys\S-1-5-82-2619122879-3228266707-4095004313-809235362-3602241550\DataProtection' as key repository and Windows DPAPI to encrypt keys at rest.
info: Microsoft.AspNetCore.DataProtection.KeyManagement.XmlKeyManager[0]
      User profile not available. Using 'HKEY_LOCAL_MACHINE\SOFTWARE\Microsoft\ASP.NET\4.0.30319.0\AutoGenKeys\S-1-5-82-2619122879-3228266707-4095004313-809235362-3602241550\DataProtection' as key repository and Windows DPAPI to encrypt keys at rest.
info: Microsoft.AspNetCore.DataProtection.KeyManagement.XmlKeyManager[0]
      User profile not available. Using 'HKEY_LOCAL_MACHINE\SOFTWARE\Microsoft\ASP.NET\4.0.30319.0\AutoGenKeys\S-1-5-82-2619122879-3228266707-4095004313-809235362-3602241550\DataProtection' as key repository and Windows DPAPI to encrypt keys at rest.
info: Microsoft.AspNetCore.DataProtection.KeyManagement.XmlKeyManager[0]
      User profile not available. Using 'HKEY_LOCAL_MACHINE\SOFTWARE\Microsoft\ASP.NET\4.0.30319.0\AutoGenKeys\S-1-5-82-2619122879-3228266707-4095004313-809235362-3602241550\DataProtection' as key repository and Windows DPAPI to encrypt keys at rest.
info: Microsoft.AspNetCore.Mvc.Internal.ControllerActionInvoker[1]
      Executing action method GineCore.Web.Areas.Api.Controllers.UserInfoController.GetPager (GineCore.Web) with arguments (GineCore.Service.UserInfoService.UserInfoParam) - Validation state: Valid
info: Microsoft.AspNetCore.Mvc.Internal.ControllerActionInvoker[2]
      Executed action GineCore.Web.Areas.Api.Controllers.UserInfoController.GetPager (GineCore.Web) in 1048.4907ms
fail: Microsoft.AspNetCore.Diagnostics.DeveloperExceptionPageMiddleware[0]
      An unhandled exception has occurred while executing the request
System.Exception: You have an error in your SQL syntax; check the manual that corresponds to your MySQL server version for the right syntax to use near '.*  from UserInfo  where 1=1  and (IsRoot='false' or isroot is null)  ORDER BY I' at line 1
   at GineCore.EntityFrameworkCore.DbExtensions.DBOperateMySql.Query(String SQLString) in E:\??????\SVN\GineCoreMySql\EntityFrameworkCore\DbExtensions\SqlHelper\DBOperateMySql.cs:line 246
   at GineCore.Repository.BaseRepository.Base.BaseRepository`1.FindListPager[T](String str, JqgridParam param) in E:\??????\SVN\GineCoreMySql\Repository\Base\BaseRepository\BaseRepository.cs:line 143
   at GineCore.Service.UserInfoService.UserInfoService.GetList(UserInfoParam param) in E:\??????\SVN\GineCoreMySql\Service\UserInfo\UserInfoService.cs:line 92
   at GineCore.Web.Areas.Api.Controllers.UserInfoController.GetPager(UserInfoParam param) in E:\??????\SVN\GineCoreMySql\GineCore.Web\Areas\Api\UserInfoController.cs:line 40
   at lambda_method(Closure , Object , Object[] )
   at Microsoft.AspNetCore.Mvc.Internal.ActionMethodExecutor.SyncActionResultExecutor.Execute(IActionResultTypeMapper mapper, ObjectMethodExecutor executor, Object controller, Object[] arguments)
   at Microsoft.AspNetCore.Mvc.Internal.ControllerActionInvoker.InvokeActionMethodAsync()
   at Microsoft.AspNetCore.Mvc.Internal.ControllerActionInvoker.InvokeNextActionFilterAsync()
   at Microsoft.AspNetCore.Mvc.Internal.ControllerActionInvoker.Rethrow(ActionExecutedContext context)
   at Microsoft.AspNetCore.Mvc.Internal.ControllerActionInvoker.Next(State& next, Scope& scope, Object& state, Boolean& isCompleted)
   at Microsoft.AspNetCore.Mvc.Internal.ControllerActionInvoker.InvokeInnerFilterAsync()
   at Microsoft.AspNetCore.Mvc.Internal.ResourceInvoker.InvokeNextResourceFilter()
   at Microsoft.AspNetCore.Mvc.Internal.ResourceInvoker.Rethrow(ResourceExecutedContext context)
   at Microsoft.AspNetCore.Mvc.Internal.ResourceInvoker.Next(State& next, Scope& scope, Object& state, Boolean& isCompleted)
   at Microsoft.AspNetCore.Mvc.Internal.ResourceInvoker.InvokeFilterPipelineAsync()
   at Microsoft.AspNetCore.Mvc.Internal.ResourceInvoker.InvokeAsync()
   at Microsoft.AspNetCore.Builder.RouterMiddleware.Invoke(HttpContext httpContext)
   at Microsoft.AspNetCore.Diagnostics.DeveloperExceptionPageMiddleware.Invoke(HttpContext context)
info: Microsoft.AspNetCore.Hosting.Internal.WebHost[2]
      Request finished in 1799.4459ms 500 text/html; charset=utf-8
